c:\users\mrban\source\repos\lr1\lr1\debug\vc142.pdb
c:\users\mrban\source\repos\lr1\lr1\debug\vc142.idb
c:\users\mrban\source\repos\lr1\lr1\debug\dz1.obj
c:\users\mrban\source\repos\lr1\debug\dz1.exe
c:\users\mrban\source\repos\lr1\debug\dz1.ilk
c:\users\mrban\source\repos\lr1\debug\dz1.pdb
c:\users\mrban\onedrive\рабочий стол\aip\aip\lr1\lr1\debug\dz1.obj
c:\users\mrban\onedrive\рабочий стол\aip\aip\lr1\lr1\debug\lr1.obj
c:\users\mrban\onedrive\рабочий стол\aip\aip\lr1\lr1\debug\num1.obj
c:\users\mrban\onedrive\рабочий стол\aip\aip\lr1\lr1\debug\vc142.idb
c:\users\mrban\onedrive\рабочий стол\aip\aip\lr1\lr1\debug\vc142.pdb
c:\users\mrban\onedrive\рабочий стол\aip\aip\lr1\debug\dz1.pdb
c:\users\mrban\onedrive\рабочий стол\aip\aip\lr1\debug\dz1.exe
c:\users\mrban\onedrive\рабочий стол\aip\aip\lr1\debug\dz1.ilk
c:\users\mrban\onedrive\рабочий стол\aip\aip\lr1\lr1\debug\dz1.tlog\cl.command.1.tlog
c:\users\mrban\onedrive\рабочий стол\aip\aip\lr1\lr1\debug\dz1.tlog\cl.read.1.tlog
c:\users\mrban\onedrive\рабочий стол\aip\aip\lr1\lr1\debug\dz1.tlog\cl.write.1.tlog
c:\users\mrban\onedrive\рабочий стол\aip\aip\lr1\lr1\debug\dz1.tlog\link.command.1.tlog
c:\users\mrban\onedrive\рабочий стол\aip\aip\lr1\lr1\debug\dz1.tlog\link.read.1.tlog
c:\users\mrban\onedrive\рабочий стол\aip\aip\lr1\lr1\debug\dz1.tlog\link.write.1.tlog
