c:\users\mrban\source\repos\lr1\num3\debug\vc142.pdb
c:\users\mrban\source\repos\lr1\num3\debug\vc142.idb
c:\users\mrban\source\repos\lr1\num3\debug\dz3.obj
c:\users\mrban\onedrive\рабочий стол\лабы по аип\lr1\num3\debug\vc142.pdb
c:\users\mrban\onedrive\рабочий стол\лабы по аип\lr1\num3\debug\vc142.idb
c:\users\mrban\onedrive\рабочий стол\лабы по аип\lr1\num3\debug\dz3.obj
c:\users\mrban\onedrive\рабочий стол\aip\aip\lr1\num3\debug\vc142.pdb
c:\users\mrban\onedrive\рабочий стол\aip\aip\lr1\num3\debug\vc142.idb
c:\users\mrban\onedrive\рабочий стол\aip\aip\lr1\num3\debug\dz3.obj
c:\users\mrban\source\repos\lr1\debug\dz3.ilk
c:\users\mrban\source\repos\lr1\debug\dz3.exe
c:\users\mrban\source\repos\lr1\debug\dz3.pdb
c:\users\mrban\onedrive\рабочий стол\лабы по аип\lr1\debug\dz3.exe
c:\users\mrban\onedrive\рабочий стол\лабы по аип\lr1\debug\dz3.ilk
c:\users\mrban\onedrive\рабочий стол\лабы по аип\lr1\debug\dz3.pdb
c:\users\mrban\onedrive\рабочий стол\aip\aip\lr1\debug\dz3.exe
c:\users\mrban\onedrive\рабочий стол\aip\aip\lr1\debug\dz3.ilk
c:\users\mrban\onedrive\рабочий стол\aip\aip\lr1\debug\dz3.pdb
c:\users\mrban\onedrive\рабочий стол\aip\aip\lr1\num3\debug\num3.obj
c:\users\mrban\onedrive\рабочий стол\aip\aip\lr1\num3\debug\dz3.tlog\cl.command.1.tlog
c:\users\mrban\onedrive\рабочий стол\aip\aip\lr1\num3\debug\dz3.tlog\cl.read.1.tlog
c:\users\mrban\onedrive\рабочий стол\aip\aip\lr1\num3\debug\dz3.tlog\cl.write.1.tlog
c:\users\mrban\onedrive\рабочий стол\aip\aip\lr1\num3\debug\dz3.tlog\link.command.1.tlog
c:\users\mrban\onedrive\рабочий стол\aip\aip\lr1\num3\debug\dz3.tlog\link.read.1.tlog
c:\users\mrban\onedrive\рабочий стол\aip\aip\lr1\num3\debug\dz3.tlog\link.write.1.tlog
